Welcome to the new Age Zoo!(Working Title)
Receiving Animal for the new Zoo

There are now 20 animals in the zoo!!
how many Days would you like to spend at the zoo?
Welcome to the Zoo! It is now 8:00 AM on day: 1!

Fester the Zookeeper arrives at Zoo on day 1 at 8:00 AM

Fester goes to wake the animals at 8:30 AM

Fester goes to wake up Darren the dog
Darren the dog wakes up and barks happily

Fester goes to wake up Dhalia the dog
Dhalia the dog wakes up and barks happily

Fester goes to wake up Willy the wolf
Willy the wolf wakes up and snarls at the zookeeper at

Fester goes to wake up Wanda the wolf
Wanda the wolf wakes up and snarls at the zookeeper at

Fester goes to wake up Cleo the cat
Cleo the cat wakes up slowly with a gentle purr. The cat looks up to the Zookeeper with a cute look.

Fester goes to wake up Carlos the cat
Carlos the cat wakes up slowly with a gentle purr. The cat looks up to the Zookeeper with a cute look.

Fester goes to wake up Lex the lion
Lex the lion is awoken and roars at the zookeeper

Fester goes to wake up Leah the lion
Leah the lion is awoken and roars at the zookeeper

Fester goes to wake up Terry the tiger
Terry the tiger wakes up, snarls and sharply roars at the zookeeper

Fester goes to wake up Thalia the tiger
Thalia the tiger wakes up, snarls and sharply roars at the zookeeper

Fester goes to wake up Ryan the rhino
Ryan the rhino slowly rises and curiously looks at the zookeeper

Fester goes to wake up Rachel the rhino
Rachel the rhino slowly rises and curiously looks at the zookeeper

Fester goes to wake up Ella the elephant
Ella the elephant wakes up and slowly gets up. It gives a little honk with a smile

Fester goes to wake up Eddie the elephant
Eddie the elephant wakes up and slowly gets up. It gives a little honk with a smile

Fester goes to wake up Hilda the hippo
Hilda the Hippo wakes up and slowly gets out of the water

Fester goes to wake up Harry the hippo
Harry the Hippo wakes up and slowly gets out of the water

Fester goes to wake up Sally the shark
Sally the shark smells blood in the water and wakes up to find fresh food

Fester goes to wake up Sam the shark
Sam the shark smells blood in the water and wakes up to find fresh food

Fester goes to wake up Carla the clownfish
Carla the clownfish wakes and exits it's anemone cautious of predators

Fester goes to wake up Christie the clownfish
Christie the clownfish wakes and exits it's anemone cautious of predators

Fester takes attendance of the animals at 10:00 AM

Fester checks if Darren the dog is in the zoo
Darren the dog barks

Fester checks if Dhalia the dog is in the zoo
Dhalia the dog barks

Fester checks if Willy the wolf is in the zoo
Willy the wolf howls at the zookeeper

Fester checks if Wanda the wolf is in the zoo
Wanda the wolf howls at the zookeeper

Fester checks if Cleo the cat is in the zoo
Cleo the cat purrs quietly at the zookeeper

Fester checks if Carlos the cat is in the zoo
Carlos the cat purrs quietly at the zookeeper

Fester checks if Lex the lion is in the zoo
Lex the lion roars at the zookeeper

Fester checks if Leah the lion is in the zoo
Leah the lion roars at the zookeeper

Fester checks if Terry the tiger is in the zoo
Terry the tiger growls at the zookeeper

Fester checks if Thalia the tiger is in the zoo
Thalia the tiger growls at the zookeeper

Fester checks if Ryan the rhino is in the zoo
Ryan the rhino squeals at the zookeeper

Fester checks if Rachel the rhino is in the zoo
Rachel the rhino squeals at the zookeeper

Fester checks if Ella the elephant is in the zoo
Ella the elephant makes a trumpet sound with its trunk

Fester checks if Eddie the elephant is in the zoo
Eddie the elephant makes a trumpet sound with its trunk

Fester checks if Hilda the hippo is in the zoo
Hilda the hippo gives a low grunt

Fester checks if Harry the hippo is in the zoo
Harry the hippo gives a low grunt

Fester checks if Sally the shark is in the zoo
Sally the shark silently stares at the Zookeeper because as the zookeeper knows, sharks dont make sound

Fester checks if Sam the shark is in the zoo
Sam the shark silently stares at the Zookeeper because as the zookeeper knows, sharks dont make sound

Fester checks if Carla the clownfish is in the zoo
Carla the clownfish chirps and pops

Fester checks if Christie the clownfish is in the zoo
Christie the clownfish chirps and pops

Fester feeds the animals at 12:00 PM

Fester goes to feed Darren the dog
Darren the dog happily and quickly consumes its food then smiles at the zookeeper

Fester goes to feed Dhalia the dog
Dhalia the dog happily and quickly consumes its food then smiles at the zookeeper

Fester goes to feed Willy the wolf
Willy ferociously devours his meals while eyeing the zookeeper

Fester goes to feed Wanda the wolf
Wanda ferociously devours his meals while eyeing the zookeeper

Fester goes to feed Cleo the cat
Cleo the cat sips milk and eats its food slow and quiet

Fester goes to feed Carlos the cat
Carlos the cat sips milk and eats its food slow and quiet

Fester goes to feed Lex the lion
Lex the lion devours the raw meat while eyeing the zookeeper as a tasty meal

Fester goes to feed Leah the lion
Leah the lion devours the raw meat while eyeing the zookeeper as a tasty meal

Fester goes to feed Terry the tiger
Terry the tiger devours the raw meat while eyeing the zookeeper as a tasty meal

Fester goes to feed Thalia the tiger
Thalia the tiger devours the raw meat while eyeing the zookeeper as a tasty meal

Fester goes to feed Ryan the rhino
Ryan the rhino consumes the leaves and plants that the zookeeper gives it.

Fester goes to feed Rachel the rhino
Rachel the rhino consumes the leaves and plants that the zookeeper gives it.

Fester goes to feed Ella the elephant
Ella the elephant consumes the leaves and plants that the zookeeper gives it.

Fester goes to feed Eddie the elephant
Eddie the elephant consumes the leaves and plants that the zookeeper gives it.

Fester goes to feed Hilda the hippo
Hilda the hippo consumes the leaves and plants that the zookeeper gives it.

Fester goes to feed Harry the hippo
Harry the hippo consumes the leaves and plants that the zookeeper gives it.

Fester goes to feed Sally the shark
Sally the shark chases and devours the raw meat, cautiously placed in its tank

Fester goes to feed Sam the shark
Sam the shark chases and devours the raw meat, cautiously placed in its tank

Fester goes to feed Carla the clownfish
Carla the clownfish nibbles on the fish food the zookeeper gives it

Fester goes to feed Christie the clownfish
Christie the clownfish nibbles on the fish food the zookeeper gives it

Fester lets the animals roam free at 2:30 PM

Fester goes to exercise Darren the dog
Darren the dog runs around its enclosure

Fester goes to exercise Dhalia the dog
Dhalia ignores the roam command and eagerly digs
The zookeeper will need to try again!
Dhalia the dog runs around its enclosure

Fester goes to exercise Willy the wolf
Willy the wolf runs around its enclosure

Fester goes to exercise Wanda the wolf
Wanda the wolf runs around its enclosure

Fester goes to exercise Cleo the cat
Cleo The cat walks gracefully around its enclosure

Fester goes to exercise Carlos the cat
Carlos The cat walks gracefully around its enclosure

Fester goes to exercise Lex the lion
Lex The lion walks gracefully around its enclosure

Fester goes to exercise Leah the lion
Leah The lion walks gracefully around its enclosure

Fester goes to exercise Terry the tiger
Terry The tiger walks gracefully around its enclosure

Fester goes to exercise Thalia the tiger
Thalia The tiger walks gracefully around its enclosure

Fester goes to exercise Ryan the rhino
Ryan the rhino ignores the command to roam and charges at the zookeeper
The zookeeper will need to try again!
Ryan the rhino defensively runs around its enclosure wary of the Zookeeper

Fester goes to exercise Rachel the rhino
Rachel the rhino ignores the command to roam and charges at the zookeeper
The zookeeper will need to try again!
Rachel the rhino ignores the command to roam and charges at the zookeeper
The zookeeper will need to try again!
Rachel the rhino defensively runs around its enclosure wary of the Zookeeper

Fester goes to exercise Ella the elephant
Ella the elephant slowly walks around its enclosure looking to play with its friends

Fester goes to exercise Eddie the elephant
Eddie the elephant slowly walks around its enclosure looking to play with its friends

Fester goes to exercise Hilda the hippo
Hilda the hippo slowly wades in the water

Fester goes to exercise Harry the hippo
Harry the hippo slowly wades in the water

Fester goes to exercise Sally the shark
Sally the shark swims quickly in its tank

Fester goes to exercise Sam the shark
Sam the shark swims quickly in its tank

Fester goes to exercise Carla the clownfish
Carla the clownfish swims quickly in its tank

Fester goes to exercise Christie the clownfish
Christie the clownfish swims quickly in its tank

Fester puts the animals to sleep at 5:30 PM

Fester goes to put Darren the dog to sleep
Darren the dog goes to sleep with it's friends dreaming happy dreams

Fester goes to put Dhalia the dog to sleep
Dhalia the dog goes to sleep with it's friends dreaming happy dreams

Fester goes to put Willy the wolf to sleep
Willy the wolf goes to sleep with it's friends dreaming happy dreams

Fester goes to put Wanda the wolf to sleep
Wanda the wolf goes to sleep with it's friends dreaming happy dreams

Fester goes to put Cleo the cat to sleep
In defiance of the zookeepers command to sleep, Cleo The cat walks gracefully around its enclosure
The zookeeper will need to try again
In defiance of the zookeepers command to sleep, Cleo the cat purrs quietly at the zookeeper
The zookeeper needs to try again
In defiance of the zookeepers command to sleep, Cleo the cat purrs quietly at the zookeeper
The zookeeper needs to try again
Cleo the cat finds a nice spot, gets in a cozy position and falls asleep alone

Fester goes to put Carlos the cat to sleep
Carlos the cat finds a nice spot, gets in a cozy position and falls asleep alone

Fester goes to put Lex the lion to sleep
Lex the lion finds a nice spot, gets in a cozy position and falls asleep alone

Fester goes to put Leah the lion to sleep
In defiance of the zookeepers command to sleep, Leah the lion roars at the zookeeper
The zookeeper needs to try again
In defiance of the zookeepers command to sleep, Leah the lion roars at the zookeeper
The zookeeper needs to try again
In defiance of the zookeepers command to sleep, Leah the lion roars at the zookeeper
The zookeeper needs to try again
In defiance of the zookeepers command to sleep, Leah The lion walks gracefully around its enclosure
The zookeeper will need to try again
In defiance of the zookeepers command to sleep, Leah The lion walks gracefully around its enclosure
The zookeeper will need to try again
In defiance of the zookeepers command to sleep, Leah The lion walks gracefully around its enclosure
The zookeeper will need to try again
In defiance of the zookeepers command to sleep, Leah The lion walks gracefully around its enclosure
The zookeeper will need to try again
Leah the lion finds a nice spot, gets in a cozy position and falls asleep alone

Fester goes to put Terry the tiger to sleep
Terry the tiger finds a nice spot, gets in a cozy position and falls asleep alone

Fester goes to put Thalia the tiger to sleep
In defiance of the zookeepers command to sleep, Thalia The tiger walks gracefully around its enclosure
The zookeeper will need to try again
Thalia the tiger finds a nice spot, gets in a cozy position and falls asleep alone

Fester goes to put Ryan the rhino to sleep
Ryan the rhino goes to sleep wary of predators

Fester goes to put Rachel the rhino to sleep
Rachel the rhino goes to sleep wary of predators

Fester goes to put Ella the elephant to sleep
Ella the elephant goes to sleep wary of predators

Fester goes to put Eddie the elephant to sleep
Eddie the elephant goes to sleep wary of predators

Fester goes to put Hilda the hippo to sleep
Hilda the hippo goes to sleep wary of predators

Fester goes to put Harry the hippo to sleep
Harry the hippo goes to sleep wary of predators

Fester goes to put Sally the shark to sleep
Sally the shark slows its function but is still alert resting but not fully asleep

Fester goes to put Sam the shark to sleep
Sam the shark slows its function but is still alert resting but not fully asleep

Fester goes to put Carla the clownfish to sleep
Carla the clownfish settles down in its anemone and falls asleep

Fester goes to put Christie the clownfish to sleep
Christie the clownfish settles down in its anemone and falls asleep


Fester has completed all tasks. They leave the zoo and lock up for the night




Welcome to the Zoo! It is now 8:00 AM on day: 2!

Fester the Zookeeper arrives at Zoo on day 2 at 8:00 AM

Fester goes to wake the animals at 8:30 AM

Fester goes to wake up Darren the dog
Darren the dog wakes up and barks happily

Fester goes to wake up Dhalia the dog
Dhalia the dog wakes up and barks happily

Fester goes to wake up Willy the wolf
Willy the wolf wakes up and snarls at the zookeeper at

Fester goes to wake up Wanda the wolf
Wanda the wolf wakes up and snarls at the zookeeper at

Fester goes to wake up Cleo the cat
Cleo the cat wakes up slowly with a gentle purr. The cat looks up to the Zookeeper with a cute look.

Fester goes to wake up Carlos the cat
Carlos the cat wakes up slowly with a gentle purr. The cat looks up to the Zookeeper with a cute look.

Fester goes to wake up Lex the lion
Lex the lion is awoken and roars at the zookeeper

Fester goes to wake up Leah the lion
Leah the lion is awoken and roars at the zookeeper

Fester goes to wake up Terry the tiger
Terry the tiger wakes up, snarls and sharply roars at the zookeeper

Fester goes to wake up Thalia the tiger
Thalia the tiger wakes up, snarls and sharply roars at the zookeeper

Fester goes to wake up Ryan the rhino
Ryan the rhino slowly rises and curiously looks at the zookeeper

Fester goes to wake up Rachel the rhino
Rachel the rhino slowly rises and curiously looks at the zookeeper

Fester goes to wake up Ella the elephant
Ella the elephant wakes up and slowly gets up. It gives a little honk with a smile

Fester goes to wake up Eddie the elephant
Eddie the elephant wakes up and slowly gets up. It gives a little honk with a smile

Fester goes to wake up Hilda the hippo
Hilda the Hippo wakes up and slowly gets out of the water

Fester goes to wake up Harry the hippo
Harry the Hippo wakes up and slowly gets out of the water

Fester goes to wake up Sally the shark
Sally the shark smells blood in the water and wakes up to find fresh food

Fester goes to wake up Sam the shark
Sam the shark smells blood in the water and wakes up to find fresh food

Fester goes to wake up Carla the clownfish
Carla the clownfish wakes and exits it's anemone cautious of predators

Fester goes to wake up Christie the clownfish
Christie the clownfish wakes and exits it's anemone cautious of predators

Fester takes attendance of the animals at 10:00 AM

Fester checks if Darren the dog is in the zoo
Darren the dog barks

Fester checks if Dhalia the dog is in the zoo
Dhalia the dog barks

Fester checks if Willy the wolf is in the zoo
Willy the wolf howls at the zookeeper

Fester checks if Wanda the wolf is in the zoo
Wanda the wolf howls at the zookeeper

Fester checks if Cleo the cat is in the zoo
Cleo the cat purrs quietly at the zookeeper

Fester checks if Carlos the cat is in the zoo
Carlos the cat purrs quietly at the zookeeper

Fester checks if Lex the lion is in the zoo
Lex the lion roars at the zookeeper

Fester checks if Leah the lion is in the zoo
Leah the lion roars at the zookeeper

Fester checks if Terry the tiger is in the zoo
Terry the tiger growls at the zookeeper

Fester checks if Thalia the tiger is in the zoo
Thalia the tiger growls at the zookeeper

Fester checks if Ryan the rhino is in the zoo
Ryan the rhino squeals at the zookeeper

Fester checks if Rachel the rhino is in the zoo
Rachel the rhino squeals at the zookeeper

Fester checks if Ella the elephant is in the zoo
Ella the elephant makes a trumpet sound with its trunk

Fester checks if Eddie the elephant is in the zoo
Eddie the elephant makes a trumpet sound with its trunk

Fester checks if Hilda the hippo is in the zoo
Hilda the hippo gives a low grunt

Fester checks if Harry the hippo is in the zoo
Harry the hippo gives a low grunt

Fester checks if Sally the shark is in the zoo
Sally the shark silently stares at the Zookeeper because as the zookeeper knows, sharks dont make sound

Fester checks if Sam the shark is in the zoo
Sam the shark silently stares at the Zookeeper because as the zookeeper knows, sharks dont make sound

Fester checks if Carla the clownfish is in the zoo
Carla the clownfish chirps and pops

Fester checks if Christie the clownfish is in the zoo
Christie the clownfish chirps and pops

Fester feeds the animals at 12:00 PM

Fester goes to feed Darren the dog
Darren the dog happily and quickly consumes its food then smiles at the zookeeper

Fester goes to feed Dhalia the dog
Dhalia the dog happily and quickly consumes its food then smiles at the zookeeper

Fester goes to feed Willy the wolf
Willy ferociously devours his meals while eyeing the zookeeper

Fester goes to feed Wanda the wolf
Wanda ferociously devours his meals while eyeing the zookeeper

Fester goes to feed Cleo the cat
Cleo the cat sips milk and eats its food slow and quiet

Fester goes to feed Carlos the cat
Carlos the cat sips milk and eats its food slow and quiet

Fester goes to feed Lex the lion
Lex the lion devours the raw meat while eyeing the zookeeper as a tasty meal

Fester goes to feed Leah the lion
Leah the lion devours the raw meat while eyeing the zookeeper as a tasty meal

Fester goes to feed Terry the tiger
Terry the tiger devours the raw meat while eyeing the zookeeper as a tasty meal

Fester goes to feed Thalia the tiger
Thalia the tiger devours the raw meat while eyeing the zookeeper as a tasty meal

Fester goes to feed Ryan the rhino
Ryan the rhino consumes the leaves and plants that the zookeeper gives it.

Fester goes to feed Rachel the rhino
Rachel the rhino consumes the leaves and plants that the zookeeper gives it.

Fester goes to feed Ella the elephant
Ella the elephant consumes the leaves and plants that the zookeeper gives it.

Fester goes to feed Eddie the elephant
Eddie the elephant consumes the leaves and plants that the zookeeper gives it.

Fester goes to feed Hilda the hippo
Hilda the hippo consumes the leaves and plants that the zookeeper gives it.

Fester goes to feed Harry the hippo
Harry the hippo consumes the leaves and plants that the zookeeper gives it.

Fester goes to feed Sally the shark
Sally the shark chases and devours the raw meat, cautiously placed in its tank

Fester goes to feed Sam the shark
Sam the shark chases and devours the raw meat, cautiously placed in its tank

Fester goes to feed Carla the clownfish
Carla the clownfish nibbles on the fish food the zookeeper gives it

Fester goes to feed Christie the clownfish
Christie the clownfish nibbles on the fish food the zookeeper gives it

Fester lets the animals roam free at 2:30 PM

Fester goes to exercise Darren the dog
Darren the dog runs around its enclosure

Fester goes to exercise Dhalia the dog
Dhalia the dog runs around its enclosure

Fester goes to exercise Willy the wolf
Willy the wolf runs around its enclosure

Fester goes to exercise Wanda the wolf
Wanda the wolf runs around its enclosure

Fester goes to exercise Cleo the cat
Cleo The cat walks gracefully around its enclosure

Fester goes to exercise Carlos the cat
Carlos The cat walks gracefully around its enclosure

Fester goes to exercise Lex the lion
Lex The lion walks gracefully around its enclosure

Fester goes to exercise Leah the lion
Leah The lion walks gracefully around its enclosure

Fester goes to exercise Terry the tiger
Terry The tiger walks gracefully around its enclosure

Fester goes to exercise Thalia the tiger
Thalia The tiger walks gracefully around its enclosure

Fester goes to exercise Ryan the rhino
Ryan the rhino defensively runs around its enclosure wary of the Zookeeper

Fester goes to exercise Rachel the rhino
Rachel the rhino defensively runs around its enclosure wary of the Zookeeper

Fester goes to exercise Ella the elephant
Ella the elephant slowly walks around its enclosure looking to play with its friends

Fester goes to exercise Eddie the elephant
Eddie the elephant ignores the command to roam and charges at the zookeeper
The zookeeper will need to try again!
Eddie the elephant ignores the command to roam and charges at the zookeeper
The zookeeper will need to try again!
Eddie the elephant ignores the command to roam and charges at the zookeeper
The zookeeper will need to try again!
Eddie the elephant slowly walks around its enclosure looking to play with its friends

Fester goes to exercise Hilda the hippo
Hilda the hippo slowly wades in the water

Fester goes to exercise Harry the hippo
Harry the hippo slowly wades in the water

Fester goes to exercise Sally the shark
Sally the shark swims quickly in its tank

Fester goes to exercise Sam the shark
Sam the shark swims quickly in its tank

Fester goes to exercise Carla the clownfish
Carla the clownfish swims quickly in its tank

Fester goes to exercise Christie the clownfish
Christie the clownfish swims quickly in its tank

Fester puts the animals to sleep at 5:30 PM

Fester goes to put Darren the dog to sleep
Darren the dog goes to sleep with it's friends dreaming happy dreams

Fester goes to put Dhalia the dog to sleep
Dhalia the dog goes to sleep with it's friends dreaming happy dreams

Fester goes to put Willy the wolf to sleep
Willy the wolf goes to sleep with it's friends dreaming happy dreams

Fester goes to put Wanda the wolf to sleep
Wanda the wolf goes to sleep with it's friends dreaming happy dreams

Fester goes to put Cleo the cat to sleep
In defiance of the zookeepers command to sleep, Cleo the cat purrs quietly at the zookeeper
The zookeeper needs to try again
In defiance of the zookeepers command to sleep, Cleo The cat walks gracefully around its enclosure
The zookeeper will need to try again
In defiance of the zookeepers command to sleep, Cleo The cat walks gracefully around its enclosure
The zookeeper will need to try again
In defiance of the zookeepers command to sleep, Cleo the cat purrs quietly at the zookeeper
The zookeeper needs to try again
In defiance of the zookeepers command to sleep, Cleo The cat walks gracefully around its enclosure
The zookeeper will need to try again
In defiance of the zookeepers command to sleep, Cleo the cat purrs quietly at the zookeeper
The zookeeper needs to try again
In defiance of the zookeepers command to sleep, Cleo The cat walks gracefully around its enclosure
The zookeeper will need to try again
Cleo the cat finds a nice spot, gets in a cozy position and falls asleep alone

Fester goes to put Carlos the cat to sleep
Carlos the cat finds a nice spot, gets in a cozy position and falls asleep alone

Fester goes to put Lex the lion to sleep
In defiance of the zookeepers command to sleep, Lex The lion walks gracefully around its enclosure
The zookeeper will need to try again
In defiance of the zookeepers command to sleep, Lex The lion walks gracefully around its enclosure
The zookeeper will need to try again
Lex the lion finds a nice spot, gets in a cozy position and falls asleep alone

Fester goes to put Leah the lion to sleep
Leah the lion finds a nice spot, gets in a cozy position and falls asleep alone

Fester goes to put Terry the tiger to sleep
In defiance of the zookeepers command to sleep, Terry the tiger growls at the zookeeper
The zookeeper needs to try again
In defiance of the zookeepers command to sleep, Terry the tiger growls at the zookeeper
The zookeeper needs to try again
In defiance of the zookeepers command to sleep, Terry The tiger walks gracefully around its enclosure
The zookeeper will need to try again
Terry the tiger finds a nice spot, gets in a cozy position and falls asleep alone

Fester goes to put Thalia the tiger to sleep
Thalia the tiger finds a nice spot, gets in a cozy position and falls asleep alone

Fester goes to put Ryan the rhino to sleep
Ryan the rhino goes to sleep wary of predators

Fester goes to put Rachel the rhino to sleep
Rachel the rhino goes to sleep wary of predators

Fester goes to put Ella the elephant to sleep
Ella the elephant goes to sleep wary of predators

Fester goes to put Eddie the elephant to sleep
Eddie the elephant goes to sleep wary of predators

Fester goes to put Hilda the hippo to sleep
Hilda the hippo goes to sleep wary of predators

Fester goes to put Harry the hippo to sleep
Harry the hippo goes to sleep wary of predators

Fester goes to put Sally the shark to sleep
Sally the shark slows its function but is still alert resting but not fully asleep

Fester goes to put Sam the shark to sleep
Sam the shark slows its function but is still alert resting but not fully asleep

Fester goes to put Carla the clownfish to sleep
Carla the clownfish settles down in its anemone and falls asleep

Fester goes to put Christie the clownfish to sleep
Christie the clownfish settles down in its anemone and falls asleep


Fester has completed all tasks. They leave the zoo and lock up for the night




Welcome to the Zoo! It is now 8:00 AM on day: 3!

Fester the Zookeeper arrives at Zoo on day 3 at 8:00 AM

Fester goes to wake the animals at 8:30 AM

Fester goes to wake up Darren the dog
Darren the dog wakes up and barks happily

Fester goes to wake up Dhalia the dog
Dhalia the dog wakes up and barks happily

Fester goes to wake up Willy the wolf
Willy the wolf wakes up and snarls at the zookeeper at

Fester goes to wake up Wanda the wolf
Wanda the wolf wakes up and snarls at the zookeeper at

Fester goes to wake up Cleo the cat
Cleo the cat wakes up slowly with a gentle purr. The cat looks up to the Zookeeper with a cute look.

Fester goes to wake up Carlos the cat
Carlos the cat wakes up slowly with a gentle purr. The cat looks up to the Zookeeper with a cute look.

Fester goes to wake up Lex the lion
Lex the lion is awoken and roars at the zookeeper

Fester goes to wake up Leah the lion
Leah the lion is awoken and roars at the zookeeper

Fester goes to wake up Terry the tiger
Terry the tiger wakes up, snarls and sharply roars at the zookeeper

Fester goes to wake up Thalia the tiger
Thalia the tiger wakes up, snarls and sharply roars at the zookeeper

Fester goes to wake up Ryan the rhino
Ryan the rhino slowly rises and curiously looks at the zookeeper

Fester goes to wake up Rachel the rhino
Rachel the rhino slowly rises and curiously looks at the zookeeper

Fester goes to wake up Ella the elephant
Ella the elephant wakes up and slowly gets up. It gives a little honk with a smile

Fester goes to wake up Eddie the elephant
Eddie the elephant wakes up and slowly gets up. It gives a little honk with a smile

Fester goes to wake up Hilda the hippo
Hilda the Hippo wakes up and slowly gets out of the water

Fester goes to wake up Harry the hippo
Harry the Hippo wakes up and slowly gets out of the water

Fester goes to wake up Sally the shark
Sally the shark smells blood in the water and wakes up to find fresh food

Fester goes to wake up Sam the shark
Sam the shark smells blood in the water and wakes up to find fresh food

Fester goes to wake up Carla the clownfish
Carla the clownfish wakes and exits it's anemone cautious of predators

Fester goes to wake up Christie the clownfish
Christie the clownfish wakes and exits it's anemone cautious of predators

Fester takes attendance of the animals at 10:00 AM

Fester checks if Darren the dog is in the zoo
Darren the dog barks

Fester checks if Dhalia the dog is in the zoo
Dhalia the dog barks

Fester checks if Willy the wolf is in the zoo
Willy the wolf howls at the zookeeper

Fester checks if Wanda the wolf is in the zoo
Wanda the wolf howls at the zookeeper

Fester checks if Cleo the cat is in the zoo
Cleo the cat purrs quietly at the zookeeper

Fester checks if Carlos the cat is in the zoo
Carlos the cat purrs quietly at the zookeeper

Fester checks if Lex the lion is in the zoo
Lex the lion roars at the zookeeper

Fester checks if Leah the lion is in the zoo
Leah the lion roars at the zookeeper

Fester checks if Terry the tiger is in the zoo
Terry the tiger growls at the zookeeper

Fester checks if Thalia the tiger is in the zoo
Thalia the tiger growls at the zookeeper

Fester checks if Ryan the rhino is in the zoo
Ryan the rhino squeals at the zookeeper

Fester checks if Rachel the rhino is in the zoo
Rachel the rhino squeals at the zookeeper

Fester checks if Ella the elephant is in the zoo
Ella the elephant makes a trumpet sound with its trunk

Fester checks if Eddie the elephant is in the zoo
Eddie the elephant makes a trumpet sound with its trunk

Fester checks if Hilda the hippo is in the zoo
Hilda the hippo gives a low grunt

Fester checks if Harry the hippo is in the zoo
Harry the hippo gives a low grunt

Fester checks if Sally the shark is in the zoo
Sally the shark silently stares at the Zookeeper because as the zookeeper knows, sharks dont make sound

Fester checks if Sam the shark is in the zoo
Sam the shark silently stares at the Zookeeper because as the zookeeper knows, sharks dont make sound

Fester checks if Carla the clownfish is in the zoo
Carla the clownfish chirps and pops

Fester checks if Christie the clownfish is in the zoo
Christie the clownfish chirps and pops

Fester feeds the animals at 12:00 PM

Fester goes to feed Darren the dog
Darren the dog happily and quickly consumes its food then smiles at the zookeeper

Fester goes to feed Dhalia the dog
Dhalia the dog happily and quickly consumes its food then smiles at the zookeeper

Fester goes to feed Willy the wolf
Willy ferociously devours his meals while eyeing the zookeeper

Fester goes to feed Wanda the wolf
Wanda ferociously devours his meals while eyeing the zookeeper

Fester goes to feed Cleo the cat
Cleo the cat sips milk and eats its food slow and quiet

Fester goes to feed Carlos the cat
Carlos the cat sips milk and eats its food slow and quiet

Fester goes to feed Lex the lion
Lex the lion devours the raw meat while eyeing the zookeeper as a tasty meal

Fester goes to feed Leah the lion
Leah the lion devours the raw meat while eyeing the zookeeper as a tasty meal

Fester goes to feed Terry the tiger
Terry the tiger devours the raw meat while eyeing the zookeeper as a tasty meal

Fester goes to feed Thalia the tiger
Thalia the tiger devours the raw meat while eyeing the zookeeper as a tasty meal

Fester goes to feed Ryan the rhino
Ryan the rhino consumes the leaves and plants that the zookeeper gives it.

Fester goes to feed Rachel the rhino
Rachel the rhino consumes the leaves and plants that the zookeeper gives it.

Fester goes to feed Ella the elephant
Ella the elephant consumes the leaves and plants that the zookeeper gives it.

Fester goes to feed Eddie the elephant
Eddie the elephant consumes the leaves and plants that the zookeeper gives it.

Fester goes to feed Hilda the hippo
Hilda the hippo consumes the leaves and plants that the zookeeper gives it.

Fester goes to feed Harry the hippo
Harry the hippo consumes the leaves and plants that the zookeeper gives it.

Fester goes to feed Sally the shark
Sally the shark chases and devours the raw meat, cautiously placed in its tank

Fester goes to feed Sam the shark
Sam the shark chases and devours the raw meat, cautiously placed in its tank

Fester goes to feed Carla the clownfish
Carla the clownfish nibbles on the fish food the zookeeper gives it

Fester goes to feed Christie the clownfish
Christie the clownfish nibbles on the fish food the zookeeper gives it

Fester lets the animals roam free at 2:30 PM

Fester goes to exercise Darren the dog
Darren the dog runs around its enclosure

Fester goes to exercise Dhalia the dog
Dhalia ignores the roam command and eagerly digs
The zookeeper will need to try again!
Dhalia the dog runs around its enclosure

Fester goes to exercise Willy the wolf
Willy the wolf runs around its enclosure

Fester goes to exercise Wanda the wolf
Wanda the wolf runs around its enclosure

Fester goes to exercise Cleo the cat
Cleo The cat walks gracefully around its enclosure

Fester goes to exercise Carlos the cat
Carlos The cat walks gracefully around its enclosure

Fester goes to exercise Lex the lion
Lex The lion walks gracefully around its enclosure

Fester goes to exercise Leah the lion
Leah The lion walks gracefully around its enclosure

Fester goes to exercise Terry the tiger
Terry The tiger walks gracefully around its enclosure

Fester goes to exercise Thalia the tiger
Thalia The tiger walks gracefully around its enclosure

Fester goes to exercise Ryan the rhino
Ryan the rhino ignores the command to roam and charges at the zookeeper
The zookeeper will need to try again!
Ryan the rhino defensively runs around its enclosure wary of the Zookeeper

Fester goes to exercise Rachel the rhino
Rachel the rhino defensively runs around its enclosure wary of the Zookeeper

Fester goes to exercise Ella the elephant
Ella the elephant slowly walks around its enclosure looking to play with its friends

Fester goes to exercise Eddie the elephant
Eddie the elephant ignores the command to roam and charges at the zookeeper
The zookeeper will need to try again!
Eddie the elephant slowly walks around its enclosure looking to play with its friends

Fester goes to exercise Hilda the hippo
Hilda the hippo slowly wades in the water

Fester goes to exercise Harry the hippo
Harry the hippo slowly wades in the water

Fester goes to exercise Sally the shark
Sally the shark swims quickly in its tank

Fester goes to exercise Sam the shark
Sam the shark swims quickly in its tank

Fester goes to exercise Carla the clownfish
Carla the clownfish swims quickly in its tank

Fester goes to exercise Christie the clownfish
Christie the clownfish swims quickly in its tank

Fester puts the animals to sleep at 5:30 PM

Fester goes to put Darren the dog to sleep
Darren the dog goes to sleep with it's friends dreaming happy dreams

Fester goes to put Dhalia the dog to sleep
Dhalia the dog goes to sleep with it's friends dreaming happy dreams

Fester goes to put Willy the wolf to sleep
Willy the wolf goes to sleep with it's friends dreaming happy dreams

Fester goes to put Wanda the wolf to sleep
Wanda the wolf goes to sleep with it's friends dreaming happy dreams

Fester goes to put Cleo the cat to sleep
Cleo the cat finds a nice spot, gets in a cozy position and falls asleep alone

Fester goes to put Carlos the cat to sleep
In defiance of the zookeepers command to sleep, Carlos the cat purrs quietly at the zookeeper
The zookeeper needs to try again
In defiance of the zookeepers command to sleep, Carlos the cat purrs quietly at the zookeeper
The zookeeper needs to try again
In defiance of the zookeepers command to sleep, Carlos The cat walks gracefully around its enclosure
The zookeeper will need to try again
In defiance of the zookeepers command to sleep, Carlos The cat walks gracefully around its enclosure
The zookeeper will need to try again
In defiance of the zookeepers command to sleep, Carlos The cat walks gracefully around its enclosure
The zookeeper will need to try again
In defiance of the zookeepers command to sleep, Carlos The cat walks gracefully around its enclosure
The zookeeper will need to try again
In defiance of the zookeepers command to sleep, Carlos The cat walks gracefully around its enclosure
The zookeeper will need to try again
In defiance of the zookeepers command to sleep, Carlos The cat walks gracefully around its enclosure
The zookeeper will need to try again
In defiance of the zookeepers command to sleep, Carlos the cat purrs quietly at the zookeeper
The zookeeper needs to try again
In defiance of the zookeepers command to sleep, Carlos the cat purrs quietly at the zookeeper
The zookeeper needs to try again
In defiance of the zookeepers command to sleep, Carlos The cat walks gracefully around its enclosure
The zookeeper will need to try again
In defiance of the zookeepers command to sleep, Carlos the cat purrs quietly at the zookeeper
The zookeeper needs to try again
In defiance of the zookeepers command to sleep, Carlos the cat purrs quietly at the zookeeper
The zookeeper needs to try again
In defiance of the zookeepers command to sleep, Carlos The cat walks gracefully around its enclosure
The zookeeper will need to try again
In defiance of the zookeepers command to sleep, Carlos The cat walks gracefully around its enclosure
The zookeeper will need to try again
Carlos the cat finds a nice spot, gets in a cozy position and falls asleep alone

Fester goes to put Lex the lion to sleep
Lex the lion finds a nice spot, gets in a cozy position and falls asleep alone

Fester goes to put Leah the lion to sleep
Leah the lion finds a nice spot, gets in a cozy position and falls asleep alone

Fester goes to put Terry the tiger to sleep
In defiance of the zookeepers command to sleep, Terry the tiger growls at the zookeeper
The zookeeper needs to try again
In defiance of the zookeepers command to sleep, Terry The tiger walks gracefully around its enclosure
The zookeeper will need to try again
Terry the tiger finds a nice spot, gets in a cozy position and falls asleep alone

Fester goes to put Thalia the tiger to sleep
Thalia the tiger finds a nice spot, gets in a cozy position and falls asleep alone

Fester goes to put Ryan the rhino to sleep
Ryan the rhino goes to sleep wary of predators

Fester goes to put Rachel the rhino to sleep
Rachel the rhino goes to sleep wary of predators

Fester goes to put Ella the elephant to sleep
Ella the elephant goes to sleep wary of predators

Fester goes to put Eddie the elephant to sleep
Eddie the elephant goes to sleep wary of predators

Fester goes to put Hilda the hippo to sleep
Hilda the hippo goes to sleep wary of predators

Fester goes to put Harry the hippo to sleep
Harry the hippo goes to sleep wary of predators

Fester goes to put Sally the shark to sleep
Sally the shark slows its function but is still alert resting but not fully asleep

Fester goes to put Sam the shark to sleep
Sam the shark slows its function but is still alert resting but not fully asleep

Fester goes to put Carla the clownfish to sleep
Carla the clownfish settles down in its anemone and falls asleep

Fester goes to put Christie the clownfish to sleep
Christie the clownfish settles down in its anemone and falls asleep


Fester has completed all tasks. They leave the zoo and lock up for the night




Welcome to the Zoo! It is now 8:00 AM on day: 4!

Fester the Zookeeper arrives at Zoo on day 4 at 8:00 AM

Fester goes to wake the animals at 8:30 AM

Fester goes to wake up Darren the dog
Darren the dog wakes up and barks happily

Fester goes to wake up Dhalia the dog
Dhalia the dog wakes up and barks happily

Fester goes to wake up Willy the wolf
Willy the wolf wakes up and snarls at the zookeeper at

Fester goes to wake up Wanda the wolf
Wanda the wolf wakes up and snarls at the zookeeper at

Fester goes to wake up Cleo the cat
Cleo the cat wakes up slowly with a gentle purr. The cat looks up to the Zookeeper with a cute look.

Fester goes to wake up Carlos the cat
Carlos the cat wakes up slowly with a gentle purr. The cat looks up to the Zookeeper with a cute look.

Fester goes to wake up Lex the lion
Lex the lion is awoken and roars at the zookeeper

Fester goes to wake up Leah the lion
Leah the lion is awoken and roars at the zookeeper

Fester goes to wake up Terry the tiger
Terry the tiger wakes up, snarls and sharply roars at the zookeeper

Fester goes to wake up Thalia the tiger
Thalia the tiger wakes up, snarls and sharply roars at the zookeeper

Fester goes to wake up Ryan the rhino
Ryan the rhino slowly rises and curiously looks at the zookeeper

Fester goes to wake up Rachel the rhino
Rachel the rhino slowly rises and curiously looks at the zookeeper

Fester goes to wake up Ella the elephant
Ella the elephant wakes up and slowly gets up. It gives a little honk with a smile

Fester goes to wake up Eddie the elephant
Eddie the elephant wakes up and slowly gets up. It gives a little honk with a smile

Fester goes to wake up Hilda the hippo
Hilda the Hippo wakes up and slowly gets out of the water

Fester goes to wake up Harry the hippo
Harry the Hippo wakes up and slowly gets out of the water

Fester goes to wake up Sally the shark
Sally the shark smells blood in the water and wakes up to find fresh food

Fester goes to wake up Sam the shark
Sam the shark smells blood in the water and wakes up to find fresh food

Fester goes to wake up Carla the clownfish
Carla the clownfish wakes and exits it's anemone cautious of predators

Fester goes to wake up Christie the clownfish
Christie the clownfish wakes and exits it's anemone cautious of predators

Fester takes attendance of the animals at 10:00 AM

Fester checks if Darren the dog is in the zoo
Darren the dog barks

Fester checks if Dhalia the dog is in the zoo
Dhalia the dog barks

Fester checks if Willy the wolf is in the zoo
Willy the wolf howls at the zookeeper

Fester checks if Wanda the wolf is in the zoo
Wanda the wolf howls at the zookeeper

Fester checks if Cleo the cat is in the zoo
Cleo the cat purrs quietly at the zookeeper

Fester checks if Carlos the cat is in the zoo
Carlos the cat purrs quietly at the zookeeper

Fester checks if Lex the lion is in the zoo
Lex the lion roars at the zookeeper

Fester checks if Leah the lion is in the zoo
Leah the lion roars at the zookeeper

Fester checks if Terry the tiger is in the zoo
Terry the tiger growls at the zookeeper

Fester checks if Thalia the tiger is in the zoo
Thalia the tiger growls at the zookeeper

Fester checks if Ryan the rhino is in the zoo
Ryan the rhino squeals at the zookeeper

Fester checks if Rachel the rhino is in the zoo
Rachel the rhino squeals at the zookeeper

Fester checks if Ella the elephant is in the zoo
Ella the elephant makes a trumpet sound with its trunk

Fester checks if Eddie the elephant is in the zoo
Eddie the elephant makes a trumpet sound with its trunk

Fester checks if Hilda the hippo is in the zoo
Hilda the hippo gives a low grunt

Fester checks if Harry the hippo is in the zoo
Harry the hippo gives a low grunt

Fester checks if Sally the shark is in the zoo
Sally the shark silently stares at the Zookeeper because as the zookeeper knows, sharks dont make sound

Fester checks if Sam the shark is in the zoo
Sam the shark silently stares at the Zookeeper because as the zookeeper knows, sharks dont make sound

Fester checks if Carla the clownfish is in the zoo
Carla the clownfish chirps and pops

Fester checks if Christie the clownfish is in the zoo
Christie the clownfish chirps and pops

Fester feeds the animals at 12:00 PM

Fester goes to feed Darren the dog
Darren the dog happily and quickly consumes its food then smiles at the zookeeper

Fester goes to feed Dhalia the dog
Dhalia the dog happily and quickly consumes its food then smiles at the zookeeper

Fester goes to feed Willy the wolf
Willy ferociously devours his meals while eyeing the zookeeper

Fester goes to feed Wanda the wolf
Wanda ferociously devours his meals while eyeing the zookeeper

Fester goes to feed Cleo the cat
Cleo the cat sips milk and eats its food slow and quiet

Fester goes to feed Carlos the cat
Carlos the cat sips milk and eats its food slow and quiet

Fester goes to feed Lex the lion
Lex the lion devours the raw meat while eyeing the zookeeper as a tasty meal

Fester goes to feed Leah the lion
Leah the lion devours the raw meat while eyeing the zookeeper as a tasty meal

Fester goes to feed Terry the tiger
Terry the tiger devours the raw meat while eyeing the zookeeper as a tasty meal

Fester goes to feed Thalia the tiger
Thalia the tiger devours the raw meat while eyeing the zookeeper as a tasty meal

Fester goes to feed Ryan the rhino
Ryan the rhino consumes the leaves and plants that the zookeeper gives it.

Fester goes to feed Rachel the rhino
Rachel the rhino consumes the leaves and plants that the zookeeper gives it.

Fester goes to feed Ella the elephant
Ella the elephant consumes the leaves and plants that the zookeeper gives it.

Fester goes to feed Eddie the elephant
Eddie the elephant consumes the leaves and plants that the zookeeper gives it.

Fester goes to feed Hilda the hippo
Hilda the hippo consumes the leaves and plants that the zookeeper gives it.

Fester goes to feed Harry the hippo
Harry the hippo consumes the leaves and plants that the zookeeper gives it.

Fester goes to feed Sally the shark
Sally the shark chases and devours the raw meat, cautiously placed in its tank

Fester goes to feed Sam the shark
Sam the shark chases and devours the raw meat, cautiously placed in its tank

Fester goes to feed Carla the clownfish
Carla the clownfish nibbles on the fish food the zookeeper gives it

Fester goes to feed Christie the clownfish
Christie the clownfish nibbles on the fish food the zookeeper gives it

Fester lets the animals roam free at 2:30 PM

Fester goes to exercise Darren the dog
Darren ignores the roam command and eagerly digs
The zookeeper will need to try again!
Darren the dog runs around its enclosure

Fester goes to exercise Dhalia the dog
Dhalia the dog runs around its enclosure

Fester goes to exercise Willy the wolf
Willy the wolf runs around its enclosure

Fester goes to exercise Wanda the wolf
Wanda the wolf runs around its enclosure

Fester goes to exercise Cleo the cat
Cleo The cat walks gracefully around its enclosure

Fester goes to exercise Carlos the cat
Carlos The cat walks gracefully around its enclosure

Fester goes to exercise Lex the lion
Lex The lion walks gracefully around its enclosure

Fester goes to exercise Leah the lion
Leah The lion walks gracefully around its enclosure

Fester goes to exercise Terry the tiger
Terry The tiger walks gracefully around its enclosure

Fester goes to exercise Thalia the tiger
Thalia The tiger walks gracefully around its enclosure

Fester goes to exercise Ryan the rhino
Ryan the rhino ignores the command to roam and charges at the zookeeper
The zookeeper will need to try again!
Ryan the rhino defensively runs around its enclosure wary of the Zookeeper

Fester goes to exercise Rachel the rhino
Rachel the rhino defensively runs around its enclosure wary of the Zookeeper

Fester goes to exercise Ella the elephant
Ella the elephant slowly walks around its enclosure looking to play with its friends

Fester goes to exercise Eddie the elephant
Eddie the elephant slowly walks around its enclosure looking to play with its friends

Fester goes to exercise Hilda the hippo
Hilda the hippo slowly wades in the water

Fester goes to exercise Harry the hippo
Harry the hippo slowly wades in the water

Fester goes to exercise Sally the shark
Sally the shark swims quickly in its tank

Fester goes to exercise Sam the shark
Sam the shark swims quickly in its tank

Fester goes to exercise Carla the clownfish
Carla the clownfish swims quickly in its tank

Fester goes to exercise Christie the clownfish
Christie the clownfish swims quickly in its tank

Fester puts the animals to sleep at 5:30 PM

Fester goes to put Darren the dog to sleep
Darren the dog goes to sleep with it's friends dreaming happy dreams

Fester goes to put Dhalia the dog to sleep
Dhalia the dog goes to sleep with it's friends dreaming happy dreams

Fester goes to put Willy the wolf to sleep
Willy the wolf goes to sleep with it's friends dreaming happy dreams

Fester goes to put Wanda the wolf to sleep
Wanda the wolf goes to sleep with it's friends dreaming happy dreams

Fester goes to put Cleo the cat to sleep
In defiance of the zookeepers command to sleep, Cleo The cat walks gracefully around its enclosure
The zookeeper will need to try again
Cleo the cat finds a nice spot, gets in a cozy position and falls asleep alone

Fester goes to put Carlos the cat to sleep
In defiance of the zookeepers command to sleep, Carlos the cat purrs quietly at the zookeeper
The zookeeper needs to try again
Carlos the cat finds a nice spot, gets in a cozy position and falls asleep alone

Fester goes to put Lex the lion to sleep
In defiance of the zookeepers command to sleep, Lex the lion roars at the zookeeper
The zookeeper needs to try again
Lex the lion finds a nice spot, gets in a cozy position and falls asleep alone

Fester goes to put Leah the lion to sleep
Leah the lion finds a nice spot, gets in a cozy position and falls asleep alone

Fester goes to put Terry the tiger to sleep
In defiance of the zookeepers command to sleep, Terry The tiger walks gracefully around its enclosure
The zookeeper will need to try again
In defiance of the zookeepers command to sleep, Terry The tiger walks gracefully around its enclosure
The zookeeper will need to try again
Terry the tiger finds a nice spot, gets in a cozy position and falls asleep alone

Fester goes to put Thalia the tiger to sleep
Thalia the tiger finds a nice spot, gets in a cozy position and falls asleep alone

Fester goes to put Ryan the rhino to sleep
Ryan the rhino goes to sleep wary of predators

Fester goes to put Rachel the rhino to sleep
Rachel the rhino goes to sleep wary of predators

Fester goes to put Ella the elephant to sleep
Ella the elephant goes to sleep wary of predators

Fester goes to put Eddie the elephant to sleep
Eddie the elephant goes to sleep wary of predators

Fester goes to put Hilda the hippo to sleep
Hilda the hippo goes to sleep wary of predators

Fester goes to put Harry the hippo to sleep
Harry the hippo goes to sleep wary of predators

Fester goes to put Sally the shark to sleep
Sally the shark slows its function but is still alert resting but not fully asleep

Fester goes to put Sam the shark to sleep
Sam the shark slows its function but is still alert resting but not fully asleep

Fester goes to put Carla the clownfish to sleep
Carla the clownfish settles down in its anemone and falls asleep

Fester goes to put Christie the clownfish to sleep
Christie the clownfish settles down in its anemone and falls asleep


Fester has completed all tasks. They leave the zoo and lock up for the night




Welcome to the Zoo! It is now 8:00 AM on day: 5!

Fester the Zookeeper arrives at Zoo on day 5 at 8:00 AM

Fester goes to wake the animals at 8:30 AM

Fester goes to wake up Darren the dog
Darren the dog wakes up and barks happily

Fester goes to wake up Dhalia the dog
Dhalia the dog wakes up and barks happily

Fester goes to wake up Willy the wolf
Willy the wolf wakes up and snarls at the zookeeper at

Fester goes to wake up Wanda the wolf
Wanda the wolf wakes up and snarls at the zookeeper at

Fester goes to wake up Cleo the cat
Cleo the cat wakes up slowly with a gentle purr. The cat looks up to the Zookeeper with a cute look.

Fester goes to wake up Carlos the cat
Carlos the cat wakes up slowly with a gentle purr. The cat looks up to the Zookeeper with a cute look.

Fester goes to wake up Lex the lion
Lex the lion is awoken and roars at the zookeeper

Fester goes to wake up Leah the lion
Leah the lion is awoken and roars at the zookeeper

Fester goes to wake up Terry the tiger
Terry the tiger wakes up, snarls and sharply roars at the zookeeper

Fester goes to wake up Thalia the tiger
Thalia the tiger wakes up, snarls and sharply roars at the zookeeper

Fester goes to wake up Ryan the rhino
Ryan the rhino slowly rises and curiously looks at the zookeeper

Fester goes to wake up Rachel the rhino
Rachel the rhino slowly rises and curiously looks at the zookeeper

Fester goes to wake up Ella the elephant
Ella the elephant wakes up and slowly gets up. It gives a little honk with a smile

Fester goes to wake up Eddie the elephant
Eddie the elephant wakes up and slowly gets up. It gives a little honk with a smile

Fester goes to wake up Hilda the hippo
Hilda the Hippo wakes up and slowly gets out of the water

Fester goes to wake up Harry the hippo
Harry the Hippo wakes up and slowly gets out of the water

Fester goes to wake up Sally the shark
Sally the shark smells blood in the water and wakes up to find fresh food

Fester goes to wake up Sam the shark
Sam the shark smells blood in the water and wakes up to find fresh food

Fester goes to wake up Carla the clownfish
Carla the clownfish wakes and exits it's anemone cautious of predators

Fester goes to wake up Christie the clownfish
Christie the clownfish wakes and exits it's anemone cautious of predators

Fester takes attendance of the animals at 10:00 AM

Fester checks if Darren the dog is in the zoo
Darren the dog barks

Fester checks if Dhalia the dog is in the zoo
Dhalia the dog barks

Fester checks if Willy the wolf is in the zoo
Willy the wolf howls at the zookeeper

Fester checks if Wanda the wolf is in the zoo
Wanda the wolf howls at the zookeeper

Fester checks if Cleo the cat is in the zoo
Cleo the cat purrs quietly at the zookeeper

Fester checks if Carlos the cat is in the zoo
Carlos the cat purrs quietly at the zookeeper

Fester checks if Lex the lion is in the zoo
Lex the lion roars at the zookeeper

Fester checks if Leah the lion is in the zoo
Leah the lion roars at the zookeeper

Fester checks if Terry the tiger is in the zoo
Terry the tiger growls at the zookeeper

Fester checks if Thalia the tiger is in the zoo
Thalia the tiger growls at the zookeeper

Fester checks if Ryan the rhino is in the zoo
Ryan the rhino squeals at the zookeeper

Fester checks if Rachel the rhino is in the zoo
Rachel the rhino squeals at the zookeeper

Fester checks if Ella the elephant is in the zoo
Ella the elephant makes a trumpet sound with its trunk

Fester checks if Eddie the elephant is in the zoo
Eddie the elephant makes a trumpet sound with its trunk

Fester checks if Hilda the hippo is in the zoo
Hilda the hippo gives a low grunt

Fester checks if Harry the hippo is in the zoo
Harry the hippo gives a low grunt

Fester checks if Sally the shark is in the zoo
Sally the shark silently stares at the Zookeeper because as the zookeeper knows, sharks dont make sound

Fester checks if Sam the shark is in the zoo
Sam the shark silently stares at the Zookeeper because as the zookeeper knows, sharks dont make sound

Fester checks if Carla the clownfish is in the zoo
Carla the clownfish chirps and pops

Fester checks if Christie the clownfish is in the zoo
Christie the clownfish chirps and pops

Fester feeds the animals at 12:00 PM

Fester goes to feed Darren the dog
Darren the dog happily and quickly consumes its food then smiles at the zookeeper

Fester goes to feed Dhalia the dog
Dhalia the dog happily and quickly consumes its food then smiles at the zookeeper

Fester goes to feed Willy the wolf
Willy ferociously devours his meals while eyeing the zookeeper

Fester goes to feed Wanda the wolf
Wanda ferociously devours his meals while eyeing the zookeeper

Fester goes to feed Cleo the cat
Cleo the cat sips milk and eats its food slow and quiet

Fester goes to feed Carlos the cat
Carlos the cat sips milk and eats its food slow and quiet

Fester goes to feed Lex the lion
Lex the lion devours the raw meat while eyeing the zookeeper as a tasty meal

Fester goes to feed Leah the lion
Leah the lion devours the raw meat while eyeing the zookeeper as a tasty meal

Fester goes to feed Terry the tiger
Terry the tiger devours the raw meat while eyeing the zookeeper as a tasty meal

Fester goes to feed Thalia the tiger
Thalia the tiger devours the raw meat while eyeing the zookeeper as a tasty meal

Fester goes to feed Ryan the rhino
Ryan the rhino consumes the leaves and plants that the zookeeper gives it.

Fester goes to feed Rachel the rhino
Rachel the rhino consumes the leaves and plants that the zookeeper gives it.

Fester goes to feed Ella the elephant
Ella the elephant consumes the leaves and plants that the zookeeper gives it.

Fester goes to feed Eddie the elephant
Eddie the elephant consumes the leaves and plants that the zookeeper gives it.

Fester goes to feed Hilda the hippo
Hilda the hippo consumes the leaves and plants that the zookeeper gives it.

Fester goes to feed Harry the hippo
Harry the hippo consumes the leaves and plants that the zookeeper gives it.

Fester goes to feed Sally the shark
Sally the shark chases and devours the raw meat, cautiously placed in its tank

Fester goes to feed Sam the shark
Sam the shark chases and devours the raw meat, cautiously placed in its tank

Fester goes to feed Carla the clownfish
Carla the clownfish nibbles on the fish food the zookeeper gives it

Fester goes to feed Christie the clownfish
Christie the clownfish nibbles on the fish food the zookeeper gives it

Fester lets the animals roam free at 2:30 PM

Fester goes to exercise Darren the dog
Darren the dog runs around its enclosure

Fester goes to exercise Dhalia the dog
Dhalia ignores the roam command and eagerly digs
The zookeeper will need to try again!
Dhalia the dog runs around its enclosure

Fester goes to exercise Willy the wolf
Willy the wolf runs around its enclosure

Fester goes to exercise Wanda the wolf
Wanda the wolf runs around its enclosure

Fester goes to exercise Cleo the cat
Cleo The cat walks gracefully around its enclosure

Fester goes to exercise Carlos the cat
Carlos The cat walks gracefully around its enclosure

Fester goes to exercise Lex the lion
Lex The lion walks gracefully around its enclosure

Fester goes to exercise Leah the lion
Leah The lion walks gracefully around its enclosure

Fester goes to exercise Terry the tiger
Terry The tiger walks gracefully around its enclosure

Fester goes to exercise Thalia the tiger
Thalia The tiger walks gracefully around its enclosure

Fester goes to exercise Ryan the rhino
Ryan the rhino defensively runs around its enclosure wary of the Zookeeper

Fester goes to exercise Rachel the rhino
Rachel the rhino defensively runs around its enclosure wary of the Zookeeper

Fester goes to exercise Ella the elephant
Ella the elephant slowly walks around its enclosure looking to play with its friends

Fester goes to exercise Eddie the elephant
Eddie the elephant ignores the command to roam and charges at the zookeeper
The zookeeper will need to try again!
Eddie the elephant slowly walks around its enclosure looking to play with its friends

Fester goes to exercise Hilda the hippo
Hilda the hippo ignores the command to roam and charges at the zookeeper
The zookeeper will need to try again!
Hilda the hippo slowly wades in the water

Fester goes to exercise Harry the hippo
Harry the hippo slowly wades in the water

Fester goes to exercise Sally the shark
Sally the shark swims quickly in its tank

Fester goes to exercise Sam the shark
Sam the shark swims quickly in its tank

Fester goes to exercise Carla the clownfish
Carla the clownfish swims quickly in its tank

Fester goes to exercise Christie the clownfish
Christie the clownfish swims quickly in its tank

Fester puts the animals to sleep at 5:30 PM

Fester goes to put Darren the dog to sleep
Darren the dog goes to sleep with it's friends dreaming happy dreams

Fester goes to put Dhalia the dog to sleep
Dhalia the dog goes to sleep with it's friends dreaming happy dreams

Fester goes to put Willy the wolf to sleep
Willy the wolf goes to sleep with it's friends dreaming happy dreams

Fester goes to put Wanda the wolf to sleep
Wanda the wolf goes to sleep with it's friends dreaming happy dreams

Fester goes to put Cleo the cat to sleep
In defiance of the zookeepers command to sleep, Cleo The cat walks gracefully around its enclosure
The zookeeper will need to try again
In defiance of the zookeepers command to sleep, Cleo The cat walks gracefully around its enclosure
The zookeeper will need to try again
Cleo the cat finds a nice spot, gets in a cozy position and falls asleep alone

Fester goes to put Carlos the cat to sleep
Carlos the cat finds a nice spot, gets in a cozy position and falls asleep alone

Fester goes to put Lex the lion to sleep
Lex the lion finds a nice spot, gets in a cozy position and falls asleep alone

Fester goes to put Leah the lion to sleep
In defiance of the zookeepers command to sleep, Leah the lion roars at the zookeeper
The zookeeper needs to try again
In defiance of the zookeepers command to sleep, Leah The lion walks gracefully around its enclosure
The zookeeper will need to try again
In defiance of the zookeepers command to sleep, Leah the lion roars at the zookeeper
The zookeeper needs to try again
In defiance of the zookeepers command to sleep, Leah The lion walks gracefully around its enclosure
The zookeeper will need to try again
Leah the lion finds a nice spot, gets in a cozy position and falls asleep alone

Fester goes to put Terry the tiger to sleep
Terry the tiger finds a nice spot, gets in a cozy position and falls asleep alone

Fester goes to put Thalia the tiger to sleep
In defiance of the zookeepers command to sleep, Thalia The tiger walks gracefully around its enclosure
The zookeeper will need to try again
In defiance of the zookeepers command to sleep, Thalia the tiger growls at the zookeeper
The zookeeper needs to try again
Thalia the tiger finds a nice spot, gets in a cozy position and falls asleep alone

Fester goes to put Ryan the rhino to sleep
Ryan the rhino goes to sleep wary of predators

Fester goes to put Rachel the rhino to sleep
Rachel the rhino goes to sleep wary of predators

Fester goes to put Ella the elephant to sleep
Ella the elephant goes to sleep wary of predators

Fester goes to put Eddie the elephant to sleep
Eddie the elephant goes to sleep wary of predators

Fester goes to put Hilda the hippo to sleep
Hilda the hippo goes to sleep wary of predators

Fester goes to put Harry the hippo to sleep
Harry the hippo goes to sleep wary of predators

Fester goes to put Sally the shark to sleep
Sally the shark slows its function but is still alert resting but not fully asleep

Fester goes to put Sam the shark to sleep
Sam the shark slows its function but is still alert resting but not fully asleep

Fester goes to put Carla the clownfish to sleep
Carla the clownfish settles down in its anemone and falls asleep

Fester goes to put Christie the clownfish to sleep
Christie the clownfish settles down in its anemone and falls asleep


Fester has completed all tasks. They leave the zoo and lock up for the night




Welcome to the Zoo! It is now 8:00 AM on day: 6!

Fester the Zookeeper arrives at Zoo on day 6 at 8:00 AM

Fester goes to wake the animals at 8:30 AM

Fester goes to wake up Darren the dog
Darren the dog wakes up and barks happily

Fester goes to wake up Dhalia the dog
Dhalia the dog wakes up and barks happily

Fester goes to wake up Willy the wolf
Willy the wolf wakes up and snarls at the zookeeper at

Fester goes to wake up Wanda the wolf
Wanda the wolf wakes up and snarls at the zookeeper at

Fester goes to wake up Cleo the cat
Cleo the cat wakes up slowly with a gentle purr. The cat looks up to the Zookeeper with a cute look.

Fester goes to wake up Carlos the cat
Carlos the cat wakes up slowly with a gentle purr. The cat looks up to the Zookeeper with a cute look.

Fester goes to wake up Lex the lion
Lex the lion is awoken and roars at the zookeeper

Fester goes to wake up Leah the lion
Leah the lion is awoken and roars at the zookeeper

Fester goes to wake up Terry the tiger
Terry the tiger wakes up, snarls and sharply roars at the zookeeper

Fester goes to wake up Thalia the tiger
Thalia the tiger wakes up, snarls and sharply roars at the zookeeper

Fester goes to wake up Ryan the rhino
Ryan the rhino slowly rises and curiously looks at the zookeeper

Fester goes to wake up Rachel the rhino
Rachel the rhino slowly rises and curiously looks at the zookeeper

Fester goes to wake up Ella the elephant
Ella the elephant wakes up and slowly gets up. It gives a little honk with a smile

Fester goes to wake up Eddie the elephant
Eddie the elephant wakes up and slowly gets up. It gives a little honk with a smile

Fester goes to wake up Hilda the hippo
Hilda the Hippo wakes up and slowly gets out of the water

Fester goes to wake up Harry the hippo
Harry the Hippo wakes up and slowly gets out of the water

Fester goes to wake up Sally the shark
Sally the shark smells blood in the water and wakes up to find fresh food

Fester goes to wake up Sam the shark
Sam the shark smells blood in the water and wakes up to find fresh food

Fester goes to wake up Carla the clownfish
Carla the clownfish wakes and exits it's anemone cautious of predators

Fester goes to wake up Christie the clownfish
Christie the clownfish wakes and exits it's anemone cautious of predators

Fester takes attendance of the animals at 10:00 AM

Fester checks if Darren the dog is in the zoo
Darren the dog barks

Fester checks if Dhalia the dog is in the zoo
Dhalia the dog barks

Fester checks if Willy the wolf is in the zoo
Willy the wolf howls at the zookeeper

Fester checks if Wanda the wolf is in the zoo
Wanda the wolf howls at the zookeeper

Fester checks if Cleo the cat is in the zoo
Cleo the cat purrs quietly at the zookeeper

Fester checks if Carlos the cat is in the zoo
Carlos the cat purrs quietly at the zookeeper

Fester checks if Lex the lion is in the zoo
Lex the lion roars at the zookeeper

Fester checks if Leah the lion is in the zoo
Leah the lion roars at the zookeeper

Fester checks if Terry the tiger is in the zoo
Terry the tiger growls at the zookeeper

Fester checks if Thalia the tiger is in the zoo
Thalia the tiger growls at the zookeeper

Fester checks if Ryan the rhino is in the zoo
Ryan the rhino squeals at the zookeeper

Fester checks if Rachel the rhino is in the zoo
Rachel the rhino squeals at the zookeeper

Fester checks if Ella the elephant is in the zoo
Ella the elephant makes a trumpet sound with its trunk

Fester checks if Eddie the elephant is in the zoo
Eddie the elephant makes a trumpet sound with its trunk

Fester checks if Hilda the hippo is in the zoo
Hilda the hippo gives a low grunt

Fester checks if Harry the hippo is in the zoo
Harry the hippo gives a low grunt

Fester checks if Sally the shark is in the zoo
Sally the shark silently stares at the Zookeeper because as the zookeeper knows, sharks dont make sound

Fester checks if Sam the shark is in the zoo
Sam the shark silently stares at the Zookeeper because as the zookeeper knows, sharks dont make sound

Fester checks if Carla the clownfish is in the zoo
Carla the clownfish chirps and pops

Fester checks if Christie the clownfish is in the zoo
Christie the clownfish chirps and pops

Fester feeds the animals at 12:00 PM

Fester goes to feed Darren the dog
Darren the dog happily and quickly consumes its food then smiles at the zookeeper

Fester goes to feed Dhalia the dog
Dhalia the dog happily and quickly consumes its food then smiles at the zookeeper

Fester goes to feed Willy the wolf
Willy ferociously devours his meals while eyeing the zookeeper

Fester goes to feed Wanda the wolf
Wanda ferociously devours his meals while eyeing the zookeeper

Fester goes to feed Cleo the cat
Cleo the cat sips milk and eats its food slow and quiet

Fester goes to feed Carlos the cat
Carlos the cat sips milk and eats its food slow and quiet

Fester goes to feed Lex the lion
Lex the lion devours the raw meat while eyeing the zookeeper as a tasty meal

Fester goes to feed Leah the lion
Leah the lion devours the raw meat while eyeing the zookeeper as a tasty meal

Fester goes to feed Terry the tiger
Terry the tiger devours the raw meat while eyeing the zookeeper as a tasty meal

Fester goes to feed Thalia the tiger
Thalia the tiger devours the raw meat while eyeing the zookeeper as a tasty meal

Fester goes to feed Ryan the rhino
Ryan the rhino consumes the leaves and plants that the zookeeper gives it.

Fester goes to feed Rachel the rhino
Rachel the rhino consumes the leaves and plants that the zookeeper gives it.

Fester goes to feed Ella the elephant
Ella the elephant consumes the leaves and plants that the zookeeper gives it.

Fester goes to feed Eddie the elephant
Eddie the elephant consumes the leaves and plants that the zookeeper gives it.

Fester goes to feed Hilda the hippo
Hilda the hippo consumes the leaves and plants that the zookeeper gives it.

Fester goes to feed Harry the hippo
Harry the hippo consumes the leaves and plants that the zookeeper gives it.

Fester goes to feed Sally the shark
Sally the shark chases and devours the raw meat, cautiously placed in its tank

Fester goes to feed Sam the shark
Sam the shark chases and devours the raw meat, cautiously placed in its tank

Fester goes to feed Carla the clownfish
Carla the clownfish nibbles on the fish food the zookeeper gives it

Fester goes to feed Christie the clownfish
Christie the clownfish nibbles on the fish food the zookeeper gives it

Fester lets the animals roam free at 2:30 PM

Fester goes to exercise Darren the dog
Darren the dog runs around its enclosure

Fester goes to exercise Dhalia the dog
Dhalia ignores the roam command and eagerly digs
The zookeeper will need to try again!
Dhalia the dog runs around its enclosure

Fester goes to exercise Willy the wolf
Willy the wolf runs around its enclosure

Fester goes to exercise Wanda the wolf
Wanda the wolf runs around its enclosure

Fester goes to exercise Cleo the cat
Cleo The cat walks gracefully around its enclosure

Fester goes to exercise Carlos the cat
Carlos The cat walks gracefully around its enclosure

Fester goes to exercise Lex the lion
Lex The lion walks gracefully around its enclosure

Fester goes to exercise Leah the lion
Leah The lion walks gracefully around its enclosure

Fester goes to exercise Terry the tiger
Terry The tiger walks gracefully around its enclosure

Fester goes to exercise Thalia the tiger
Thalia The tiger walks gracefully around its enclosure

Fester goes to exercise Ryan the rhino
Ryan the rhino defensively runs around its enclosure wary of the Zookeeper

Fester goes to exercise Rachel the rhino
Rachel the rhino defensively runs around its enclosure wary of the Zookeeper

Fester goes to exercise Ella the elephant
Ella the elephant ignores the command to roam and charges at the zookeeper
The zookeeper will need to try again!
Ella the elephant ignores the command to roam and charges at the zookeeper
The zookeeper will need to try again!
Ella the elephant slowly walks around its enclosure looking to play with its friends

Fester goes to exercise Eddie the elephant
Eddie the elephant ignores the command to roam and charges at the zookeeper
The zookeeper will need to try again!
Eddie the elephant slowly walks around its enclosure looking to play with its friends

Fester goes to exercise Hilda the hippo
Hilda the hippo ignores the command to roam and charges at the zookeeper
The zookeeper will need to try again!
Hilda the hippo ignores the command to roam and charges at the zookeeper
The zookeeper will need to try again!
Hilda the hippo ignores the command to roam and charges at the zookeeper
The zookeeper will need to try again!
Hilda the hippo slowly wades in the water

Fester goes to exercise Harry the hippo
Harry the hippo ignores the command to roam and charges at the zookeeper
The zookeeper will need to try again!
Harry the hippo slowly wades in the water

Fester goes to exercise Sally the shark
Sally the shark swims quickly in its tank

Fester goes to exercise Sam the shark
Sam the shark swims quickly in its tank

Fester goes to exercise Carla the clownfish
Carla the clownfish swims quickly in its tank

Fester goes to exercise Christie the clownfish
Christie the clownfish swims quickly in its tank

Fester puts the animals to sleep at 5:30 PM

Fester goes to put Darren the dog to sleep
Darren the dog goes to sleep with it's friends dreaming happy dreams

Fester goes to put Dhalia the dog to sleep
Dhalia the dog goes to sleep with it's friends dreaming happy dreams

Fester goes to put Willy the wolf to sleep
Willy the wolf goes to sleep with it's friends dreaming happy dreams

Fester goes to put Wanda the wolf to sleep
Wanda the wolf goes to sleep with it's friends dreaming happy dreams

Fester goes to put Cleo the cat to sleep
Cleo the cat finds a nice spot, gets in a cozy position and falls asleep alone

Fester goes to put Carlos the cat to sleep
Carlos the cat finds a nice spot, gets in a cozy position and falls asleep alone

Fester goes to put Lex the lion to sleep
Lex the lion finds a nice spot, gets in a cozy position and falls asleep alone

Fester goes to put Leah the lion to sleep
In defiance of the zookeepers command to sleep, Leah the lion roars at the zookeeper
The zookeeper needs to try again
In defiance of the zookeepers command to sleep, Leah The lion walks gracefully around its enclosure
The zookeeper will need to try again
Leah the lion finds a nice spot, gets in a cozy position and falls asleep alone

Fester goes to put Terry the tiger to sleep
Terry the tiger finds a nice spot, gets in a cozy position and falls asleep alone

Fester goes to put Thalia the tiger to sleep
Thalia the tiger finds a nice spot, gets in a cozy position and falls asleep alone

Fester goes to put Ryan the rhino to sleep
Ryan the rhino goes to sleep wary of predators

Fester goes to put Rachel the rhino to sleep
Rachel the rhino goes to sleep wary of predators

Fester goes to put Ella the elephant to sleep
Ella the elephant goes to sleep wary of predators

Fester goes to put Eddie the elephant to sleep
Eddie the elephant goes to sleep wary of predators

Fester goes to put Hilda the hippo to sleep
Hilda the hippo goes to sleep wary of predators

Fester goes to put Harry the hippo to sleep
Harry the hippo goes to sleep wary of predators

Fester goes to put Sally the shark to sleep
Sally the shark slows its function but is still alert resting but not fully asleep

Fester goes to put Sam the shark to sleep
Sam the shark slows its function but is still alert resting but not fully asleep

Fester goes to put Carla the clownfish to sleep
Carla the clownfish settles down in its anemone and falls asleep

Fester goes to put Christie the clownfish to sleep
Christie the clownfish settles down in its anemone and falls asleep


Fester has completed all tasks. They leave the zoo and lock up for the night




Welcome to the Zoo! It is now 8:00 AM on day: 7!

Fester the Zookeeper arrives at Zoo on day 7 at 8:00 AM

Fester goes to wake the animals at 8:30 AM

Fester goes to wake up Darren the dog
Darren the dog wakes up and barks happily

Fester goes to wake up Dhalia the dog
Dhalia the dog wakes up and barks happily

Fester goes to wake up Willy the wolf
Willy the wolf wakes up and snarls at the zookeeper at

Fester goes to wake up Wanda the wolf
Wanda the wolf wakes up and snarls at the zookeeper at

Fester goes to wake up Cleo the cat
Cleo the cat wakes up slowly with a gentle purr. The cat looks up to the Zookeeper with a cute look.

Fester goes to wake up Carlos the cat
Carlos the cat wakes up slowly with a gentle purr. The cat looks up to the Zookeeper with a cute look.

Fester goes to wake up Lex the lion
Lex the lion is awoken and roars at the zookeeper

Fester goes to wake up Leah the lion
Leah the lion is awoken and roars at the zookeeper

Fester goes to wake up Terry the tiger
Terry the tiger wakes up, snarls and sharply roars at the zookeeper

Fester goes to wake up Thalia the tiger
Thalia the tiger wakes up, snarls and sharply roars at the zookeeper

Fester goes to wake up Ryan the rhino
Ryan the rhino slowly rises and curiously looks at the zookeeper

Fester goes to wake up Rachel the rhino
Rachel the rhino slowly rises and curiously looks at the zookeeper

Fester goes to wake up Ella the elephant
Ella the elephant wakes up and slowly gets up. It gives a little honk with a smile

Fester goes to wake up Eddie the elephant
Eddie the elephant wakes up and slowly gets up. It gives a little honk with a smile

Fester goes to wake up Hilda the hippo
Hilda the Hippo wakes up and slowly gets out of the water

Fester goes to wake up Harry the hippo
Harry the Hippo wakes up and slowly gets out of the water

Fester goes to wake up Sally the shark
Sally the shark smells blood in the water and wakes up to find fresh food

Fester goes to wake up Sam the shark
Sam the shark smells blood in the water and wakes up to find fresh food

Fester goes to wake up Carla the clownfish
Carla the clownfish wakes and exits it's anemone cautious of predators

Fester goes to wake up Christie the clownfish
Christie the clownfish wakes and exits it's anemone cautious of predators

Fester takes attendance of the animals at 10:00 AM

Fester checks if Darren the dog is in the zoo
Darren the dog barks

Fester checks if Dhalia the dog is in the zoo
Dhalia the dog barks

Fester checks if Willy the wolf is in the zoo
Willy the wolf howls at the zookeeper

Fester checks if Wanda the wolf is in the zoo
Wanda the wolf howls at the zookeeper

Fester checks if Cleo the cat is in the zoo
Cleo the cat purrs quietly at the zookeeper

Fester checks if Carlos the cat is in the zoo
Carlos the cat purrs quietly at the zookeeper

Fester checks if Lex the lion is in the zoo
Lex the lion roars at the zookeeper

Fester checks if Leah the lion is in the zoo
Leah the lion roars at the zookeeper

Fester checks if Terry the tiger is in the zoo
Terry the tiger growls at the zookeeper

Fester checks if Thalia the tiger is in the zoo
Thalia the tiger growls at the zookeeper

Fester checks if Ryan the rhino is in the zoo
Ryan the rhino squeals at the zookeeper

Fester checks if Rachel the rhino is in the zoo
Rachel the rhino squeals at the zookeeper

Fester checks if Ella the elephant is in the zoo
Ella the elephant makes a trumpet sound with its trunk

Fester checks if Eddie the elephant is in the zoo
Eddie the elephant makes a trumpet sound with its trunk

Fester checks if Hilda the hippo is in the zoo
Hilda the hippo gives a low grunt

Fester checks if Harry the hippo is in the zoo
Harry the hippo gives a low grunt

Fester checks if Sally the shark is in the zoo
Sally the shark silently stares at the Zookeeper because as the zookeeper knows, sharks dont make sound

Fester checks if Sam the shark is in the zoo
Sam the shark silently stares at the Zookeeper because as the zookeeper knows, sharks dont make sound

Fester checks if Carla the clownfish is in the zoo
Carla the clownfish chirps and pops

Fester checks if Christie the clownfish is in the zoo
Christie the clownfish chirps and pops

Fester feeds the animals at 12:00 PM

Fester goes to feed Darren the dog
Darren the dog happily and quickly consumes its food then smiles at the zookeeper

Fester goes to feed Dhalia the dog
Dhalia the dog happily and quickly consumes its food then smiles at the zookeeper

Fester goes to feed Willy the wolf
Willy ferociously devours his meals while eyeing the zookeeper

Fester goes to feed Wanda the wolf
Wanda ferociously devours his meals while eyeing the zookeeper

Fester goes to feed Cleo the cat
Cleo the cat sips milk and eats its food slow and quiet

Fester goes to feed Carlos the cat
Carlos the cat sips milk and eats its food slow and quiet

Fester goes to feed Lex the lion
Lex the lion devours the raw meat while eyeing the zookeeper as a tasty meal

Fester goes to feed Leah the lion
Leah the lion devours the raw meat while eyeing the zookeeper as a tasty meal

Fester goes to feed Terry the tiger
Terry the tiger devours the raw meat while eyeing the zookeeper as a tasty meal

Fester goes to feed Thalia the tiger
Thalia the tiger devours the raw meat while eyeing the zookeeper as a tasty meal

Fester goes to feed Ryan the rhino
Ryan the rhino consumes the leaves and plants that the zookeeper gives it.

Fester goes to feed Rachel the rhino
Rachel the rhino consumes the leaves and plants that the zookeeper gives it.

Fester goes to feed Ella the elephant
Ella the elephant consumes the leaves and plants that the zookeeper gives it.

Fester goes to feed Eddie the elephant
Eddie the elephant consumes the leaves and plants that the zookeeper gives it.

Fester goes to feed Hilda the hippo
Hilda the hippo consumes the leaves and plants that the zookeeper gives it.

Fester goes to feed Harry the hippo
Harry the hippo consumes the leaves and plants that the zookeeper gives it.

Fester goes to feed Sally the shark
Sally the shark chases and devours the raw meat, cautiously placed in its tank

Fester goes to feed Sam the shark
Sam the shark chases and devours the raw meat, cautiously placed in its tank

Fester goes to feed Carla the clownfish
Carla the clownfish nibbles on the fish food the zookeeper gives it

Fester goes to feed Christie the clownfish
Christie the clownfish nibbles on the fish food the zookeeper gives it

Fester lets the animals roam free at 2:30 PM

Fester goes to exercise Darren the dog
Darren ignores the roam command and eagerly digs
The zookeeper will need to try again!
Darren the dog runs around its enclosure

Fester goes to exercise Dhalia the dog
Dhalia the dog runs around its enclosure

Fester goes to exercise Willy the wolf
Willy the wolf runs around its enclosure

Fester goes to exercise Wanda the wolf
Wanda the wolf runs around its enclosure

Fester goes to exercise Cleo the cat
Cleo The cat walks gracefully around its enclosure

Fester goes to exercise Carlos the cat
Carlos The cat walks gracefully around its enclosure

Fester goes to exercise Lex the lion
Lex The lion walks gracefully around its enclosure

Fester goes to exercise Leah the lion
Leah The lion walks gracefully around its enclosure

Fester goes to exercise Terry the tiger
Terry The tiger walks gracefully around its enclosure

Fester goes to exercise Thalia the tiger
Thalia The tiger walks gracefully around its enclosure

Fester goes to exercise Ryan the rhino
Ryan the rhino defensively runs around its enclosure wary of the Zookeeper

Fester goes to exercise Rachel the rhino
Rachel the rhino ignores the command to roam and charges at the zookeeper
The zookeeper will need to try again!
Rachel the rhino ignores the command to roam and charges at the zookeeper
The zookeeper will need to try again!
Rachel the rhino defensively runs around its enclosure wary of the Zookeeper

Fester goes to exercise Ella the elephant
Ella the elephant ignores the command to roam and charges at the zookeeper
The zookeeper will need to try again!
Ella the elephant ignores the command to roam and charges at the zookeeper
The zookeeper will need to try again!
Ella the elephant slowly walks around its enclosure looking to play with its friends

Fester goes to exercise Eddie the elephant
Eddie the elephant ignores the command to roam and charges at the zookeeper
The zookeeper will need to try again!
Eddie the elephant ignores the command to roam and charges at the zookeeper
The zookeeper will need to try again!
Eddie the elephant slowly walks around its enclosure looking to play with its friends

Fester goes to exercise Hilda the hippo
Hilda the hippo slowly wades in the water

Fester goes to exercise Harry the hippo
Harry the hippo slowly wades in the water

Fester goes to exercise Sally the shark
Sally the shark swims quickly in its tank

Fester goes to exercise Sam the shark
Sam the shark swims quickly in its tank

Fester goes to exercise Carla the clownfish
Carla the clownfish swims quickly in its tank

Fester goes to exercise Christie the clownfish
Christie the clownfish swims quickly in its tank

Fester puts the animals to sleep at 5:30 PM

Fester goes to put Darren the dog to sleep
Darren the dog goes to sleep with it's friends dreaming happy dreams

Fester goes to put Dhalia the dog to sleep
Dhalia the dog goes to sleep with it's friends dreaming happy dreams

Fester goes to put Willy the wolf to sleep
Willy the wolf goes to sleep with it's friends dreaming happy dreams

Fester goes to put Wanda the wolf to sleep
Wanda the wolf goes to sleep with it's friends dreaming happy dreams

Fester goes to put Cleo the cat to sleep
Cleo the cat finds a nice spot, gets in a cozy position and falls asleep alone

Fester goes to put Carlos the cat to sleep
In defiance of the zookeepers command to sleep, Carlos the cat purrs quietly at the zookeeper
The zookeeper needs to try again
In defiance of the zookeepers command to sleep, Carlos The cat walks gracefully around its enclosure
The zookeeper will need to try again
In defiance of the zookeepers command to sleep, Carlos the cat purrs quietly at the zookeeper
The zookeeper needs to try again
Carlos the cat finds a nice spot, gets in a cozy position and falls asleep alone

Fester goes to put Lex the lion to sleep
In defiance of the zookeepers command to sleep, Lex the lion roars at the zookeeper
The zookeeper needs to try again
In defiance of the zookeepers command to sleep, Lex the lion roars at the zookeeper
The zookeeper needs to try again
In defiance of the zookeepers command to sleep, Lex the lion roars at the zookeeper
The zookeeper needs to try again
In defiance of the zookeepers command to sleep, Lex The lion walks gracefully around its enclosure
The zookeeper will need to try again
Lex the lion finds a nice spot, gets in a cozy position and falls asleep alone

Fester goes to put Leah the lion to sleep
Leah the lion finds a nice spot, gets in a cozy position and falls asleep alone

Fester goes to put Terry the tiger to sleep
Terry the tiger finds a nice spot, gets in a cozy position and falls asleep alone

Fester goes to put Thalia the tiger to sleep
In defiance of the zookeepers command to sleep, Thalia the tiger growls at the zookeeper
The zookeeper needs to try again
In defiance of the zookeepers command to sleep, Thalia the tiger growls at the zookeeper
The zookeeper needs to try again
Thalia the tiger finds a nice spot, gets in a cozy position and falls asleep alone

Fester goes to put Ryan the rhino to sleep
Ryan the rhino goes to sleep wary of predators

Fester goes to put Rachel the rhino to sleep
Rachel the rhino goes to sleep wary of predators

Fester goes to put Ella the elephant to sleep
Ella the elephant goes to sleep wary of predators

Fester goes to put Eddie the elephant to sleep
Eddie the elephant goes to sleep wary of predators

Fester goes to put Hilda the hippo to sleep
Hilda the hippo goes to sleep wary of predators

Fester goes to put Harry the hippo to sleep
Harry the hippo goes to sleep wary of predators

Fester goes to put Sally the shark to sleep
Sally the shark slows its function but is still alert resting but not fully asleep

Fester goes to put Sam the shark to sleep
Sam the shark slows its function but is still alert resting but not fully asleep

Fester goes to put Carla the clownfish to sleep
Carla the clownfish settles down in its anemone and falls asleep

Fester goes to put Christie the clownfish to sleep
Christie the clownfish settles down in its anemone and falls asleep


Fester has completed all tasks. They leave the zoo and lock up for the night




